<?xml version="1.0" encoding="UTF-8"?>
<!-- Generated by org.testng.reporters.JUnitReportReporter -->
<testsuite hostname="DESKTOP-5BCNP66" failures="0" tests="3" name="com.FTAAutomationFinally.testscript.PartnerRequest" time="33.644" errors="0" timestamp="2024-08-31T17:30:12 IST" skipped="0">
  <testcase classname="com.FTAAutomationFinally.testscript.PartnerRequest" name="PartnerReqTwo" time="9.202"/>
  <system-out>
    <![CDATA[PartnerReqTwo has been passed]]>
  </system-out>
  <testcase classname="com.FTAAutomationFinally.testscript.PartnerRequest" name="PartnerReqThree" time="10.327"/>
  <system-out>
    <![CDATA[PartnerReqThree has been passed]]>
  </system-out>
  <testcase classname="com.FTAAutomationFinally.testscript.PartnerRequest" name="PartnerReq" time="14.115"/>
  <system-out>
    <![CDATA[PartnerReq has been passed]]>
  </system-out>
</testsuite> <!-- com.FTAAutomationFinally.testscript.PartnerRequest -->
